{"/Users/balajisrinivasan/Documents/projects/pru-nexus/fintech-case-study/frontend/src/App.tsx": {"path":"/Users/balajisrinivasan/Documents/projects/pru-nexus/fintech-case-study/frontend/src/App.tsx","statementMap":{"0":{"start":{"line":8,"column":14},"end":{"line":12,"column":2}},"1":{"start":{"line":14,"column":20},"end":{"line":14,"column":37}},"2":{"start":{"line":17,"column":2},"end":{"line":27,"column":4}}},"fnMap":{"0":{"name":"App","decl":{"start":{"line":16,"column":9},"end":{"line":16,"column":12}},"loc":{"start":{"line":16,"column":15},"end":{"line":28,"column":1}},"line":16}},"branchMap":{},"s":{"0":0,"1":0,"2":0},"f":{"0":0},"b":{}}
,"/Users/balajisrinivasan/Documents/projects/pru-nexus/fintech-case-study/frontend/src/index.tsx": {"path":"/Users/balajisrinivasan/Documents/projects/pru-nexus/fintech-case-study/frontend/src/index.tsx","statementMap":{"0":{"start":{"line":6,"column":13},"end":{"line":8,"column":1}},"1":{"start":{"line":9,"column":0},"end":{"line":13,"column":2}}},"fnMap":{},"branchMap":{},"s":{"0":0,"1":0},"f":{},"b":{}}
,"/Users/balajisrinivasan/Documents/projects/pru-nexus/fintech-case-study/frontend/src/components/FundTable.tsx": {"path":"/Users/balajisrinivasan/Documents/projects/pru-nexus/fintech-case-study/frontend/src/components/FundTable.tsx","statementMap":{"0":{"start":{"line":40,"column":22},"end":{"line":73,"column":1}},"1":{"start":{"line":51,"column":2},"end":{"line":72,"column":9}},"2":{"start":{"line":75,"column":44},"end":{"line":180,"column":1}},"3":{"start":{"line":91,"column":2},"end":{"line":97,"column":3}},"4":{"start":{"line":92,"column":4},"end":{"line":96,"column":6}},"5":{"start":{"line":99,"column":2},"end":{"line":101,"column":3}},"6":{"start":{"line":100,"column":4},"end":{"line":100,"column":51}},"7":{"start":{"line":103,"column":2},"end":{"line":179,"column":4}},"8":{"start":{"line":113,"column":27},"end":{"line":113,"column":59}},"9":{"start":{"line":142,"column":14},"end":{"line":161,"column":25}},"10":{"start":{"line":151,"column":22},"end":{"line":157,"column":24}},"11":{"start":{"line":171,"column":38},"end":{"line":171,"column":59}},"12":{"start":{"line":174,"column":10},"end":{"line":174,"column":59}}},"fnMap":{"0":{"name":"(anonymous_0)","decl":{"start":{"line":40,"column":22},"end":{"line":40,"column":23}},"loc":{"start":{"line":51,"column":2},"end":{"line":72,"column":9}},"line":51},"1":{"name":"(anonymous_1)","decl":{"start":{"line":75,"column":44},"end":{"line":75,"column":45}},"loc":{"start":{"line":90,"column":6},"end":{"line":180,"column":1}},"line":90},"2":{"name":"(anonymous_2)","decl":{"start":{"line":113,"column":20},"end":{"line":113,"column":21}},"loc":{"start":{"line":113,"column":27},"end":{"line":113,"column":59}},"line":113},"3":{"name":"(anonymous_3)","decl":{"start":{"line":141,"column":22},"end":{"line":141,"column":23}},"loc":{"start":{"line":142,"column":14},"end":{"line":161,"column":25}},"line":142},"4":{"name":"(anonymous_4)","decl":{"start":{"line":150,"column":40},"end":{"line":150,"column":41}},"loc":{"start":{"line":151,"column":22},"end":{"line":157,"column":24}},"line":151},"5":{"name":"(anonymous_5)","decl":{"start":{"line":171,"column":22},"end":{"line":171,"column":23}},"loc":{"start":{"line":171,"column":38},"end":{"line":171,"column":59}},"line":171},"6":{"name":"(anonymous_6)","decl":{"start":{"line":173,"column":29},"end":{"line":173,"column":30}},"loc":{"start":{"line":174,"column":10},"end":{"line":174,"column":59}},"line":174}},"branchMap":{"0":{"loc":{"start":{"line":91,"column":2},"end":{"line":97,"column":3}},"type":"if","locations":[{"start":{"line":91,"column":2},"end":{"line":97,"column":3}},{"start":{},"end":{}}],"line":91},"1":{"loc":{"start":{"line":99,"column":2},"end":{"line":101,"column":3}},"type":"if","locations":[{"start":{"line":99,"column":2},"end":{"line":101,"column":3}},{"start":{},"end":{}}],"line":99}},"s":{"0":0,"1":0,"2":0,"3":0,"4":0,"5":0,"6":0,"7":0,"8":0,"9":0,"10":0,"11":0,"12":0},"f":{"0":0,"1":0,"2":0,"3":0,"4":0,"5":0,"6":0},"b":{"0":[0,0],"1":[0,0]}}
,"/Users/balajisrinivasan/Documents/projects/pru-nexus/fintech-case-study/frontend/src/components/FundValuesTable.tsx": {"path":"/Users/balajisrinivasan/Documents/projects/pru-nexus/fintech-case-study/frontend/src/components/FundValuesTable.tsx","statementMap":{"0":{"start":{"line":7,"column":26},"end":{"line":7,"column":37}},"1":{"start":{"line":8,"column":40},"end":{"line":8,"column":52}},"2":{"start":{"line":9,"column":36},"end":{"line":11,"column":3}},"3":{"start":{"line":12,"column":32},"end":{"line":12,"column":65}},"4":{"start":{"line":13,"column":34},"end":{"line":13,"column":46}},"5":{"start":{"line":15,"column":37},"end":{"line":25,"column":3}},"6":{"start":{"line":18,"column":6},"end":{"line":24,"column":8}},"7":{"start":{"line":27,"column":2},"end":{"line":44,"column":4}}},"fnMap":{"0":{"name":"FundValuesTable","decl":{"start":{"line":6,"column":24},"end":{"line":6,"column":39}},"loc":{"start":{"line":6,"column":42},"end":{"line":45,"column":1}},"line":6},"1":{"name":"(anonymous_1)","decl":{"start":{"line":17,"column":4},"end":{"line":17,"column":5}},"loc":{"start":{"line":18,"column":6},"end":{"line":24,"column":8}},"line":18}},"branchMap":{"0":{"loc":{"start":{"line":29,"column":12},"end":{"line":29,"column":31}},"type":"binary-expr","locations":[{"start":{"line":29,"column":12},"end":{"line":29,"column":25}},{"start":{"line":29,"column":29},"end":{"line":29,"column":31}}],"line":29},"1":{"loc":{"start":{"line":31,"column":13},"end":{"line":31,"column":49}},"type":"cond-expr","locations":[{"start":{"line":31,"column":21},"end":{"line":31,"column":42}},{"start":{"line":31,"column":45},"end":{"line":31,"column":49}}],"line":31},"2":{"loc":{"start":{"line":32,"column":21},"end":{"line":32,"column":45}},"type":"binary-expr","locations":[{"start":{"line":32,"column":21},"end":{"line":32,"column":40}},{"start":{"line":32,"column":44},"end":{"line":32,"column":45}}],"line":32}},"s":{"0":0,"1":0,"2":0,"3":0,"4":0,"5":0,"6":0,"7":0},"f":{"0":0,"1":0},"b":{"0":[0,0],"1":[0,0],"2":[0,0]}}
,"/Users/balajisrinivasan/Documents/projects/pru-nexus/fintech-case-study/frontend/src/components/Layout.tsx": {"path":"/Users/balajisrinivasan/Documents/projects/pru-nexus/fintech-case-study/frontend/src/components/Layout.tsx","statementMap":{"0":{"start":{"line":4,"column":2},"end":{"line":17,"column":4}}},"fnMap":{"0":{"name":"Layout","decl":{"start":{"line":3,"column":24},"end":{"line":3,"column":30}},"loc":{"start":{"line":3,"column":76},"end":{"line":18,"column":1}},"line":3}},"branchMap":{},"s":{"0":0},"f":{"0":0},"b":{}}
,"/Users/balajisrinivasan/Documents/projects/pru-nexus/fintech-case-study/frontend/src/services/api.ts": {"path":"/Users/balajisrinivasan/Documents/projects/pru-nexus/fintech-case-study/frontend/src/services/api.ts","statementMap":{"0":{"start":{"line":5,"column":2},"end":{"line":5,"column":154}},"1":{"start":{"line":26,"column":12},"end":{"line":31,"column":2}},"2":{"start":{"line":41,"column":32},"end":{"line":52,"column":1}},"3":{"start":{"line":48,"column":19},"end":{"line":50,"column":4}},"4":{"start":{"line":51,"column":2},"end":{"line":51,"column":14}},"5":{"start":{"line":54,"column":21},"end":{"line":65,"column":1}},"6":{"start":{"line":55,"column":19},"end":{"line":61,"column":3}},"7":{"start":{"line":62,"column":16},"end":{"line":62,"column":35}},"8":{"start":{"line":63,"column":2},"end":{"line":63,"column":39}},"9":{"start":{"line":64,"column":2},"end":{"line":64,"column":15}},"10":{"start":{"line":68,"column":0},"end":{"line":74,"column":3}},"11":{"start":{"line":69,"column":16},"end":{"line":69,"column":45}},"12":{"start":{"line":70,"column":2},"end":{"line":72,"column":3}},"13":{"start":{"line":71,"column":4},"end":{"line":71,"column":53}},"14":{"start":{"line":73,"column":2},"end":{"line":73,"column":16}}},"fnMap":{"0":{"name":"(anonymous_0)","decl":{"start":{"line":41,"column":32},"end":{"line":41,"column":33}},"loc":{"start":{"line":47,"column":50},"end":{"line":52,"column":1}},"line":47},"1":{"name":"(anonymous_1)","decl":{"start":{"line":54,"column":21},"end":{"line":54,"column":22}},"loc":{"start":{"line":54,"column":67},"end":{"line":65,"column":1}},"line":54},"2":{"name":"(anonymous_2)","decl":{"start":{"line":68,"column":29},"end":{"line":68,"column":30}},"loc":{"start":{"line":68,"column":41},"end":{"line":74,"column":1}},"line":68}},"branchMap":{"0":{"loc":{"start":{"line":42,"column":2},"end":{"line":42,"column":10}},"type":"default-arg","locations":[{"start":{"line":42,"column":9},"end":{"line":42,"column":10}}],"line":42},"1":{"loc":{"start":{"line":43,"column":2},"end":{"line":43,"column":11}},"type":"default-arg","locations":[{"start":{"line":43,"column":9},"end":{"line":43,"column":11}}],"line":43},"2":{"loc":{"start":{"line":46,"column":2},"end":{"line":46,"column":15}},"type":"default-arg","locations":[{"start":{"line":46,"column":13},"end":{"line":46,"column":15}}],"line":46},"3":{"loc":{"start":{"line":70,"column":2},"end":{"line":72,"column":3}},"type":"if","locations":[{"start":{"line":70,"column":2},"end":{"line":72,"column":3}},{"start":{},"end":{}}],"line":70}},"s":{"0":0,"1":0,"2":0,"3":0,"4":0,"5":0,"6":0,"7":0,"8":0,"9":0,"10":0,"11":0,"12":0,"13":0,"14":0},"f":{"0":0,"1":0,"2":0},"b":{"0":[0],"1":[0],"2":[0],"3":[0,0]}}
,"/Users/balajisrinivasan/Documents/projects/pru-nexus/fintech-case-study/frontend/src/theme/index.ts": {"path":"/Users/balajisrinivasan/Documents/projects/pru-nexus/fintech-case-study/frontend/src/theme/index.ts","statementMap":{"0":{"start":{"line":3,"column":21},"end":{"line":42,"column":2}}},"fnMap":{},"branchMap":{},"s":{"0":0},"f":{},"b":{}}
,"/Users/balajisrinivasan/Documents/projects/pru-nexus/fintech-case-study/frontend/src/types/portfolio.ts": {"path":"/Users/balajisrinivasan/Documents/projects/pru-nexus/fintech-case-study/frontend/src/types/portfolio.ts","statementMap":{},"fnMap":{},"branchMap":{},"s":{},"f":{},"b":{}}
,"/Users/balajisrinivasan/Documents/projects/pru-nexus/fintech-case-study/frontend/src/types/stock.ts": {"path":"/Users/balajisrinivasan/Documents/projects/pru-nexus/fintech-case-study/frontend/src/types/stock.ts","statementMap":{},"fnMap":{},"branchMap":{},"s":{},"f":{},"b":{}}
,"/Users/balajisrinivasan/Documents/projects/pru-nexus/fintech-case-study/frontend/src/utils/formatters.ts": {"path":"/Users/balajisrinivasan/Documents/projects/pru-nexus/fintech-case-study/frontend/src/utils/formatters.ts","statementMap":{"0":{"start":{"line":1,"column":30},"end":{"line":8,"column":1}},"1":{"start":{"line":2,"column":2},"end":{"line":7,"column":19}},"2":{"start":{"line":10,"column":32},"end":{"line":16,"column":1}},"3":{"start":{"line":11,"column":2},"end":{"line":15,"column":19}}},"fnMap":{"0":{"name":"(anonymous_0)","decl":{"start":{"line":1,"column":30},"end":{"line":1,"column":31}},"loc":{"start":{"line":1,"column":57},"end":{"line":8,"column":1}},"line":1},"1":{"name":"(anonymous_1)","decl":{"start":{"line":10,"column":32},"end":{"line":10,"column":33}},"loc":{"start":{"line":10,"column":59},"end":{"line":16,"column":1}},"line":10}},"branchMap":{},"s":{"0":0,"1":0,"2":0,"3":0},"f":{"0":0,"1":0},"b":{}}
}
